[33mWARNING[0m:  [28-01-2025 22:36:02] chroma_server_nofile is set to 65535, but this is less than current soft limit of 1048575. chroma_server_nofile will not be set.
[32mINFO[0m:     [28-01-2025 22:36:02] Anonymized telemetry enabled. See                     https://docs.trychroma.com/telemetry for more information.
[36mDEBUG[0m:    [28-01-2025 22:36:02] Starting component System
[36mDEBUG[0m:    [28-01-2025 22:36:02] Starting component OpenTelemetryClient
[36mDEBUG[0m:    [28-01-2025 22:36:02] Starting component SqliteDB
[36mDEBUG[0m:    [28-01-2025 22:36:02] Starting component SimpleQuotaEnforcer
[36mDEBUG[0m:    [28-01-2025 22:36:02] Starting component Posthog
[36mDEBUG[0m:    [28-01-2025 22:36:02] Starting component SimpleRateLimitEnforcer
[36mDEBUG[0m:    [28-01-2025 22:36:02] Starting component LocalSegmentManager
[36mDEBUG[0m:    [28-01-2025 22:36:02] Starting component LocalExecutor
[36mDEBUG[0m:    [28-01-2025 22:36:02] Starting component SegmentAPI
[32mINFO[0m:     [28-01-2025 22:36:02] Started server process [[36m5503[0m]
[32mINFO[0m:     [28-01-2025 22:36:02] Waiting for application startup.
[32mINFO[0m:     [28-01-2025 22:36:02] Application startup complete.
[32mINFO[0m:     [28-01-2025 22:36:02] Uvicorn running on [1mhttp://localhost:8000[0m (Press CTRL+C to quit)
[32mINFO[0m:     [28-01-2025 22:36:07] Shutting down
[32mINFO[0m:     [28-01-2025 22:36:07] Waiting for application shutdown.
[36mDEBUG[0m:    [28-01-2025 22:36:07] Stopping component System
[36mDEBUG[0m:    [28-01-2025 22:36:07] Stopping component SegmentAPI
[36mDEBUG[0m:    [28-01-2025 22:36:07] Stopping component LocalExecutor
[36mDEBUG[0m:    [28-01-2025 22:36:07] Stopping component LocalSegmentManager
[36mDEBUG[0m:    [28-01-2025 22:36:07] Stopping component SimpleRateLimitEnforcer
[36mDEBUG[0m:    [28-01-2025 22:36:07] Stopping component Posthog
[36mDEBUG[0m:    [28-01-2025 22:36:07] Stopping component SimpleQuotaEnforcer
[36mDEBUG[0m:    [28-01-2025 22:36:07] Stopping component SqliteDB
[36mDEBUG[0m:    [28-01-2025 22:36:07] Stopping component OpenTelemetryClient
[32mINFO[0m:     [28-01-2025 22:36:07] Application shutdown complete.
[32mINFO[0m:     [28-01-2025 22:36:07] Finished server process [[36m5503[0m]
[33mWARNING[0m:  [28-01-2025 22:36:29] chroma_server_nofile is set to 65535, but this is less than current soft limit of 1048575. chroma_server_nofile will not be set.
[32mINFO[0m:     [28-01-2025 22:36:29] Anonymized telemetry enabled. See                     https://docs.trychroma.com/telemetry for more information.
[36mDEBUG[0m:    [28-01-2025 22:36:29] Starting component System
[36mDEBUG[0m:    [28-01-2025 22:36:29] Starting component OpenTelemetryClient
[36mDEBUG[0m:    [28-01-2025 22:36:29] Starting component SqliteDB
[36mDEBUG[0m:    [28-01-2025 22:36:29] Starting component SimpleQuotaEnforcer
[36mDEBUG[0m:    [28-01-2025 22:36:29] Starting component Posthog
[36mDEBUG[0m:    [28-01-2025 22:36:29] Starting component SimpleRateLimitEnforcer
[36mDEBUG[0m:    [28-01-2025 22:36:29] Starting component LocalSegmentManager
[36mDEBUG[0m:    [28-01-2025 22:36:29] Starting component LocalExecutor
[36mDEBUG[0m:    [28-01-2025 22:36:29] Starting component SegmentAPI
[32mINFO[0m:     [28-01-2025 22:36:29] Started server process [[36m5536[0m]
[32mINFO[0m:     [28-01-2025 22:36:29] Waiting for application startup.
[32mINFO[0m:     [28-01-2025 22:36:29] Application startup complete.
[32mINFO[0m:     [28-01-2025 22:36:29] Uvicorn running on [1mhttp://localhost:8001[0m (Press CTRL+C to quit)
[32mINFO[0m:     [29-01-2025 00:34:40] ::1:54163 - "GET /api/v2/auth/identity HTTP/1.1" 200
[32mINFO[0m:     [29-01-2025 00:34:40] ::1:54164 - "GET /api/v2/tenants/default_tenant HTTP/1.1" 200
[32mINFO[0m:     [29-01-2025 00:34:40] ::1:54164 - "GET /api/v2/tenants/default_tenant/databases/default_database HTTP/1.1" 200
[32mINFO[0m:     [29-01-2025 00:34:40] ::1:54163 - "POST /api/v2/tenants/default_tenant/databases/default_database/collections HTTP/1.1" 200
[32mINFO[0m:     [29-01-2025 00:41:52] ::1:54879 - "GET /api/v2/auth/identity HTTP/1.1" 200
[32mINFO[0m:     [29-01-2025 00:41:52] ::1:54880 - "GET /api/v2/tenants/default_tenant HTTP/1.1" 200
[32mINFO[0m:     [29-01-2025 00:41:52] ::1:54880 - "GET /api/v2/tenants/default_tenant/databases/default_database HTTP/1.1" 200
[32mINFO[0m:     [29-01-2025 00:41:52] ::1:54879 - "POST /api/v2/tenants/default_tenant/databases/default_database/collections HTTP/1.1" 200
[32mINFO[0m:     [29-01-2025 00:41:54] ::1:54879 - "GET /api/v2/pre-flight-checks HTTP/1.1" 200
[36mDEBUG[0m:    [29-01-2025 00:41:54] Starting component PersistentLocalHnswSegment
[32mINFO[0m:     [29-01-2025 00:41:54] ::1:54879 - "POST /api/v2/tenants/default_tenant/databases/default_database/collections/64e44e06-a485-4e6a-a64c-ba849fde0d0c/upsert HTTP/1.1" 200
[32mINFO[0m:     [29-01-2025 00:47:36] ::1:55440 - "GET /api/v2/auth/identity HTTP/1.1" 200
[32mINFO[0m:     [29-01-2025 00:47:36] ::1:55441 - "GET /api/v2/tenants/default_tenant HTTP/1.1" 200
[32mINFO[0m:     [29-01-2025 00:47:36] ::1:55441 - "GET /api/v2/tenants/default_tenant/databases/default_database HTTP/1.1" 200
[32mINFO[0m:     [29-01-2025 00:47:36] ::1:55440 - "POST /api/v2/tenants/default_tenant/databases/default_database/collections HTTP/1.1" 200
[32mINFO[0m:     [29-01-2025 00:47:39] ::1:55440 - "GET /api/v2/pre-flight-checks HTTP/1.1" 200
[36mDEBUG[0m:    [29-01-2025 00:47:39] Starting component PersistentLocalHnswSegment
[32mINFO[0m:     [29-01-2025 00:47:39] ::1:55440 - "POST /api/v2/tenants/default_tenant/databases/default_database/collections/f8c81268-addc-4f13-be4b-b6694498bd87/upsert HTTP/1.1" 200
